<?xml version="1.0" encoding="UTF-8"?>
<!-- Generated by org.testng.reporters.JUnitReportReporter -->
<testsuite hostname="E0800893" failures="0" tests="11" name="testrunners.TestRunner" time="221.274" errors="0" timestamp="2022-06-22T18:27:30 EET" skipped="0">
  <testcase classname="testrunners.TestRunner" name="runScenario" time="14.993"/>
  <system-out/>
  <testcase classname="testrunners.TestRunner" name="runScenario" time="22.755"/>
  <system-out/>
  <testcase classname="testrunners.TestRunner" name="runScenario" time="14.933"/>
  <system-out/>
  <testcase classname="testrunners.TestRunner" name="runScenario" time="17.287"/>
  <system-out/>
  <testcase classname="testrunners.TestRunner" name="runScenario" time="16.717"/>
  <system-out/>
  <testcase classname="testrunners.TestRunner" name="runScenario" time="15.701"/>
  <system-out/>
  <testcase classname="testrunners.TestRunner" name="runScenario" time="15.871"/>
  <system-out/>
  <testcase classname="testrunners.TestRunner" name="runScenario" time="30.928"/>
  <system-out/>
  <testcase classname="testrunners.TestRunner" name="runScenario" time="26.056"/>
  <system-out/>
  <testcase classname="testrunners.TestRunner" name="runScenario" time="11.190"/>
  <system-out/>
  <testcase classname="testrunners.TestRunner" name="runScenario" time="34.843"/>
  <system-out/>
</testsuite> <!-- testrunners.TestRunner -->
